SEISAN Log file. This file contain a log of the event listed below.
This log file was created on: 2016-08-08 09:57:45
The operator was: rest
The s-file content at creation:
 2007  8 7 2208 17.8 L   4.637 -76.331122.7  RSN 15 1.0 3.9LRSN                1
 GAP= 88        1.41       7.3     6.3 15.3 -0.1365E+02  0.9999E+01  0.9015E+01E
 Epicentro: EL CAIRO - VALLE                                                   3
 ACTION:SPL 16-07-19 20:20 OP:lp   STATUS:               ID:20070807220817 L   I
 2007-08-07-2207-00S.COL___023                                                 6
 STAT SP IPHASW D HRMM SECON CODA AMPLIT PERI AZIMU VELO AIN AR TRES W  DIS CAZ7
 TOL  SZ IP     D 22 8 39.67                                    -0.310  110  93 
 TOL  SZ ES   1   22 8 56.56                                    -0.6 7  110  93 
 TOL  SZ I        22 8 58.14      5033.3  0.2                           110  93 
 MAL  SZ EP   1   22 8 42.92                                     1.6 7  131 238 
 MAL  SZ ES   2   22 8 59.93                                     0.2 5  131 238 
 MAL  SZ I        22 9 10.42      1626.8  0.5                           131 238 
 PRA  SZ EP   1   22 8 47.67                                     0.3 7  190 123 
 PRA  SZ ES   2   22 9 10.13                                    -0.3 4  190 123 
 PRA  SZ I        22 9 12.20      2047.2  1.1                           190 123 
 SOL  SZ EP   2   22 8 50.01                                     0.3 4  213 326 
 SOL  SZ ES   2   22 9 13.18                                    -1.5 4  213 326 
 SOL  SZ I        22 9 17.57       609.3  0.3                           213 326 
 ROSC BZ EP   1   22 8 52.77                                     1.3 6  223  84 
 ROSC BE ES   2   22 9 18.36                                     0.6 4  223  84 
 ROSC BZ I        22 9 22.56       426.1  0.5                           223  84 
 POP  SZ EP   1   22 8 54.10                                     0.5 6  243 185 
 POP  SZ ES   2   22 9 20.80                                    -0.6 4  243 185 
 POP  SZ I        22 9 22.62      1916.6  0.2                           243 185 
 CHI  HZ EP   1   22 8 59.60                                     0.7 6  289  90 
 CHI  HZ ES   2   22 9 31.62                                     0.7 4  289  90 
 CRU  SZ EP   1   22 9  5.83                                     0.2 5  346 191 
 CRU  SZ ES   2   22 9 41.70                                    -1.2 3  346 191 
 CRU  SZ I        22 9 47.86       326.8  0.5                           346 191 
 FLO  SZ EP   1   22 9  5.38                                    -0.7 5  354 167 
 FLO  SZ ES   2   22 9 41.72                                    -2.0 3  354 167 
 FLO  SZ I        22 9 43.52       275.9  1.1                           354 167 
 GCAL BE ES   2   22 9 52.04                                    -1.5 3  397 198 
 TUM  HE ES   2   22 9 54.30                                    -0.9 3  408 221 
 BAR  SZ EP   1   22 9 13.05                                    -0.4 4  414  57 
 BAR  SZ ES   2   22 9 55.00                                    -1.9 3  414  57 
 BAR  SZ I        2210  1.90       107.3  0.6                           414  57 
 CUM  SZ EP   1   22 9 17.68                                    -0.4 4  450 202 
 CUM  SZ I        2210 16.72        94.3  0.5                           450 202 
 GUA  SZ EP   1   22 9 19.78                                    -0.4 4  472 119 
 GUA  SZ I        22 9 20.03        44.5  0.3                           472 119 
 OCA  SZ EP   1   22 9 25.51                                    -0.5 3  519  40 
 OCA  SZ ES   2   2210 16.59                                    -2.7 2  519  40 
 OCA  SZ I        2210 23.35       270.4  0.5                           519  40 
                                                                                
                                                                                
--------------------------------------------------------------------------------
