SEISAN Log file. This file contain a log of the event listed below.
This log file was created on: 2016-08-08 09:57:21
The operator was: rest
The s-file content at creation:
 2004  2 8 0423 46.6 L   4.731 -76.237100.5  RSN 11 1.0 3.3LRSN                1
 GAP=148        2.06      11.7    10.0 28.8 -0.3065E+02  0.6007E+02 -0.1554E+02E
 ACTION:SPL 16-07-19 20:20 OP:lp   STATUS:               ID:20040208042346 L   I
 2004-02-08-0421-37S.COL___015                                                 6
 STAT SP IPHASW D HRMM SECON CODA AMPLIT PERI AZIMU VELO AIN AR TRES W  DIS CAZ7
 TOL  SZ EP        424  5.51                                    -0.510  101  99 
 TOL  SZ I         424  5.91       896.4  0.2                           101  99 
 TOL  SZ ES   2    424 19.97                                    -1.3 5  101  99 
 MAL  SZ EP        424 10.92                                     0.9 9  145 237 
 MAL  SZ I         424 40.46       398.1  0.4                           145 237 
 HEL  SZ EP   1    424 14.13                                    -0.5 7  183  25 
 HEL  SZ ES   2    424 34.62                                    -1.9 4  183  25 
 HEL  SZ I         424 37.95        87.5  0.7                           183  25 
 PRA  SZ EP        424 14.49                                    -0.2 9  187 128 
 PRA  SZ ES   2    424 35.76                                    -0.9 4  187 128 
 PRA  SZ I         424 36.49       342.4  0.2                           187 128 
 ROSC BZ EP        424 19.05                                     1.1 8  212  86 
 ROSC BN ES        424 43.85                                     1.4 8  212  86 
 CHI  SZ EP        424 26.21                                     0.4 7  278  92 
 CHI  SZ ES   2    424 56.44                                     0.1 4  278  92 
 CHI  SZ I         424 59.47        50.7  0.8                           278  92 
 FLO  SZ EP        424 33.64                                    -1.7 6  362 169 
 FLO  SZ I         425 13.97        37.1  0.9                           362 169 
 BAR  SZ EP        424 39.69                                    -0.5 6  400  58 
 BAR  SZ I         424 40.26        36.1  1.0                           400  58 
 BAR  SZ ES   2    425 20.84                                    -1.1 3  400  58 
 CUM  SZ EP   2    424 48.65                                     0.5 2  464 203 
 GUA  SZ EP   1    424 47.16                                            468 121 
 GUA  SZ I         424 47.67        59.2  0.3                           468 121 
 GUA  SZ ES   2    425 32.94                                            468 121 
 OCA  SZ EP        424 52.54                                    -0.3 4  505  40 
 OCA  SZ ES   2    425 43.44                                    -1.0 2  505  40 
 OCA  SZ I         425 46.25        63.9  0.9                           505  40 
                                                                                
                                                                                
--------------------------------------------------------------------------------
