SEISAN Log file. This file contain a log of the event listed below.
This log file was created on: 2016-08-08 09:57:19
The operator was: rest
The s-file content at creation:
 2001 11 9 1956 45.9 L   4.748 -76.344113.7  RSN  9 0.8 3.4LRSN                1
 GAP=124        1.16       8.7     8.6 21.6  0.2015E+02  0.1690E+02  0.1932E+01E
 ACTION:SPL 16-07-19 20:20 OP:lp   STATUS:               ID:20011109195646 L   I
 2001-11-09-1954-37S.COL___014                                                 6
 2001-11-09-1954-37S.COL___014                                                 6
 STAT SP IPHASW D HRMM SECON CODA AMPLIT PERI AZIMU VELO AIN AR TRES W  DIS CAZ7
 TOL  SZ IP     D 1957  7.19                                    -0.310  113  99 
 TOL  SZ ES   3   1957 23.71                                    -0.6 2  113  99 
 TOL  SZ I        1957 24.91      1191.0  0.6                           113  99 
 HEL  SZ EP       1957 15.09                                     0.1 9  187  28 
 HEL  SZ ES   3   1957 38.54       178.0  0.8                    0.9 2  187  28 
 HEL  SZ I      D 1957 39.10       178.0  0.8                           187  28 
 SOL  SZ EP       1957 18.20                                     0.3 8  218 326 
 SOL  SZ ES   3   1957 42.47                                    -0.5 2  218 326 
 SOL  SZ I      C 1957 44.20       200.2  0.3                           218 326 
 CHI  SZ EP       1957 27.48                                     0.7 7  290  92 
 CHI  SZ I        1957 28.20       147.7  0.4                           290  92 
 CHI  SZ ES   3   1957 58.91                                     0.1 2  290  92 
 FLO  SZ EP   1   1957 35.09                                    -0.3 5  366 168 
 FLO  SZ I      C 1958 13.45        40.7  0.5                           366 168 
 RUS  SZ EP       1957 38.99                                     0.9 6  385  70 
 RUS  SZ I        1958 51.37        29.3  1.2                           385  70 
 BAR  SZ EP       1957 40.47                                    -0.2 6  409  59 
 BAR  SZ ES   3   1958 22.33                                    -1.2 1  409  59 
 BAR  SZ I      C 1958 27.94       126.9  0.5                           409  59 
 CUM  SZ EP   1   1957 46.51                                    -0.8 4  461 201 
 CUM  SZ I      D 1958 47.18        30.1  0.5                           461 201 
 OCA  SZ EP       1957 50.82                                    -2.1 4  511  41 
 OCA  SZ ES   3   1958 42.26                                    -3.0 1  511  41 
 OCA  SZ I      D 1958 45.43       128.1  0.9                           511  41 
                                                                                
                                                                                
--------------------------------------------------------------------------------
