SEISAN Log file. This file contain a log of the event listed below.
This log file was created on: 2016-08-08 09:57:18
The operator was: rest
The s-file content at creation:
 2000  311 0107 12.5 L   4.651 -76.335126.4  RSN 10 0.9 4.1LRSN                1
 GAP=149        1.51      11.1    11.0 23.3 -0.7236E+02 -0.3070E+02  0.5333E+02E
 ACTION:SPL 16-07-19 20:20 OP:lp   STATUS:               ID:20000311010712 L   I
 2000-03-11-0106-05S.COL___010                                                 6
 2000  311  1 7 12.2 L   4.637 -76.334125.0F COL 10 0.9 4.3LCOL                1
 STAT SP IPHASW D HRMM SECON CODA AMPLIT PERI AZIMU VELO AIN AR TRES W  DIS CAZ7
 TOL  SZ IP   0 D  1 7 34.90                                    -0.110  111  94 
 TOL  SZ ES   3    1 7 51.42                                    -1.2 2  111  94 
 TOL  SZ I         1 7 56.63      6982.3  0.6                           111  94 
 MAL  SZ IP   0 C  1 7 37.20                                     0.810  132 238 
 MAL  SZ I         1 7 38.18      3507.7  0.3                           132 238 
 MAL  SZ ES   3    1 7 55.05                                     0.0 2  132 238 
 HEL  SZ EP        1 7 42.66                                    -0.7 9  196  26 
 HEL  SZ ES   3    1 8  6.80                                    -0.6 2  196  26 
 HEL  SZ I         1 8  8.51       894.8  0.8                           196  26 
 CHI  SZ IP   0 C  1 7 55.54                                     1.7 7  289  90 
 CHI  SZ I         1 7 56.36       953.9  0.5                           289  90 
 CHI  SZ ES   3    1 8 25.50                                    -0.5 2  289  90 
 CRU  SZ EP        1 8  1.78                                     0.3 6  355 191 
 CRU  SZ ES   3    1 8 36.98                                    -2.7 2  355 191 
 CRU  SZ I         1 8 45.86       590.4  0.7                           355 191 
 FLO  SZ EP        1 8  0.31                                    -0.8 6  356 167 
 FLO  SZ I         1 8 40.32        28.0  1.1                           356 167 
 TUM  SZ EP        1 8  6.91                                    -0.5 6  409 221 
 TUM  SZ ES   3    1 8 50.67                                     0.4 1  409 221 
 BAR  SZ EP        1 8  8.13                                    -0.1 6  413  58 
 BAR  SZ ES   3    1 8 50.07                                    -1.6 1  413  58 
 BAR  SZ I         1 8 55.09       178.4  0.3                           413  58 
 CUM  SZ EP        1 8 11.68                                    -1.4 5  451 202 
 CUM  SZ I         1 9  7.74       235.1  0.7                           451 202 
 OCA  SZ EP        1 8 20.45                                    -0.3 4  518  40 
 OCA  SZ ES   3    1 9 13.27                                    -0.6 1  518  40 
 OCA  SZ I         1 9 16.14       340.6  0.9                           518  40 
                                                                                
                                                                                
--------------------------------------------------------------------------------
