SEISAN Log file. This file contain a log of the event listed below.
This log file was created on: 2016-08-08 09:57:46
The operator was: rest
The s-file content at creation:
 2008  312 2008 36.0 L   4.613 -76.215114.0  RSN  6 0.5 3.3LRSN                1
 GAP=239        0.95      10.1    10.4 14.0 -0.7810E+02  0.5423E+02  0.7615E+01E
 Epicentro: VERSALLES - VALLE                                                  3
 ACTION:SPL 16-07-19 20:20 OP:lp   STATUS:               ID:20080312200836 L   I
 2008-03-12-2007-00S.COL___012                                                 6
 STAT SP IPHASW D HRMM SECON CODA AMPLIT PERI AZIMU VELO AIN AR TRES W  DIS CAZ7
 TOL  SZ EP   1   20 8 55.76                             138    -0.5 9   97  92 
 TOL  SZ ES   1   20 9 11.79                             138    -0.3 9   97  92 
 TOL  SZ I        20 9 17.18      1216.4 0.50                            97  92 
 ROSC BZ EP       20 9  8.18                             114     0.310  211  83 
 ROSC BZ I        20 9  8.94        86.2 0.59                           211  83 
 ROSC BN ES       20 9 33.15                             114     0.410  211  83 
 CRU  SZ EP   1   20 9 24.55                             103     0.9 6  347 194 
 CRU  SZ ES   1   2010  1.41                             103     0.7 6  347 194 
 CRU  SZ I        2010  7.47       108.8 0.42                           347 194 
 FLO  SZ EP   1   20 9 22.80                             103    -0.7 6  349 169 
 FLO  SZ I        20 9 23.18        61.9 0.31                           349 169 
 FLO  SZ ES   1   2010  0.09                             103    -0.4 6  349 169 
 CUM  SZ EP       20 9 35.90                              99    -0.6 6  453 204 
 CUM  SZ ES   1   2010 23.99                              99     0.4 4  453 204 
 CUM  SZ I        2010 29.31        40.9 0.60                           453 204 
 GUA  SZ EP   1   20 9 36.17                              98    -0.6 4  459 120 
 GUA  SZ ES   2   2010 23.64                              98    -0.4 3  459 120 
                                                                                
                                                                                
--------------------------------------------------------------------------------
