SEISAN Log file. This file contain a log of the event listed below.
This log file was created on: 2016-08-02 13:13:57
The operator was: rest
The s-file content at creation:
 1998  214 1008  0.3 L   4.757 -76.266 90.0  RSN 14 0.9 3.4LRSN                1
 GAP= 88        1.73       8.4     7.9 30.4 -0.1140E+02  0.7356E+01  0.3521E+01E
 ACTION:SPL 16-07-19 20:20 OP:lp   STATUS:               ID:19980214100800 L   I
 1998-02-14-1006-57S.COL___016                                                 6
 STAT SP IPHASW D HRMM SECON CODA AMPLIT PERI AZIMU VELO AIN AR TRES W  DIS CAZ7
 TOL  SZ EP       10 8 18.84                                    -0.410  104 100 
 TOL  SZ I        10 8 20.12      1058.3  0.2                           104 100 
 TOL  SZ ES   3   10 8 33.12                                    -0.9 2  104 100 
 MAL  SZ EP       10 8 24.27                                     1.3 9  144 235 
 MAL  SZ I        10 8 50.08       512.9  0.3                           144 235 
 PRA  SZ EP       10 8 28.30                                    -0.1 9  192 128 
 PRA  SZ I        10 8 28.94       472.1  0.3                           192 128 
 PRA  SZ ES   3   10 8 49.78                                    -0.6 2  192 128 
 SOL  SZ EP       10 8 30.92                                    -1.0 8  222 324 
 SOL  SZ ES   3   10 8 55.83                                    -0.7 2  222 324 
 SOL  SZ I        10 9  2.20       125.4  1.2                           222 324 
 BET  SZ EP       10 8 34.93                                     0.0 8  247 158 
 BET  SZ I        10 9  4.36       118.0  1.4                           247 158 
 MUN  SZ EP       10 8 37.22                                    -0.2 8  264 197 
 MUN  SZ ES   3   10 9  8.44                                     2.0 2  264 197 
 MUN  SZ I        10 9 14.06       285.1  0.7                           264 197 
 CHI  SZ IP     D 10 8 41.24                                     1.7 7  282  93 
 CHI  SZ I        10 8 41.93        87.6  0.6                           282  93 
 CHI  SZ ES   3   10 9 10.19                                     0.1 2  282  93 
 FLO  SZ EP       10 8 47.72                                    -1.5 6  365 169 
 FLO  SZ I        10 9 59.63        96.9  1.2                           365 169 
 CRU  SZ EP       10 8 49.26                                    -0.7 6  368 192 
 CRU  SZ I        10 9 47.40       111.8  0.5                           368 192 
 RUS  SZ EP       10 8 51.88                                     0.8 6  377  70 
 RUS  SZ ES   3   10 9 30.82                                     0.2 2  377  70 
 RUS  SZ I        10 9 39.37        44.7  0.7                           377  70 
 BAR  SZ EP       10 8 53.95                                     0.2 6  401  59 
 BAR  SZ ES   2   10 9 35.44                                     0.0 3  401  59 
 BAR  SZ I        10 9 39.41       107.5  0.6                           401  59 
 CUM  SZ EP       10 9  2.16                                     0.3 5  465 202 
 CUM  SZ I        1010 10.48        37.6  0.9                           465 202 
 GUA  SZ EP       10 9  1.33                                    -0.9 5  472 121 
 GUA  SZ I        10 9  1.81       156.3  0.2                           472 121 
 GUA  SZ ES   3   10 9 48.23                                    -2.3 1  472 121 
 OCA  SZ EP       10 9  5.89                                    -0.4 4  504  40 
 OCA  SZ ES   2   10 9 58.20                                     0.4 2  504  40 
 OCA  SZ I        1010  0.08        92.1  0.5                           504  40 
                                                                                
                                                                                
--------------------------------------------------------------------------------
