SEISAN Log file. This file contain a log of the event listed below.
This log file was created on: 2016-08-08 09:57:37
The operator was: rest
The s-file content at creation:
 2006  417 1623 30.4 L   4.899 -76.197114.0  RSN 11 0.8 3.9LRSN                1
 GAP=184        1.57       8.4    14.1 21.2 -0.1692E+02  0.1083E+03  0.1600E+02E
 Epicentro: EL CAIRO - VALLE                                                   3
 ACTION:SPL 16-07-19 20:20 OP:lp   STATUS:               ID:20060417162329 L   I
 Evento Sentido                                                                2
 Reportado como sentido: Manizales, Caldas (Piso 20)                           3
 2006-04-17-1622-00S.COL___016                                                 6
 STAT SP IPHASW D HRMM SECON CODA AMPLIT PERI AZIMU VELO AIN AR TRES W  DIS CAZ7
 TOL  SZ IP     C 1623 50.98                                     0.010  101 110 
 TOL  SZ ES   2   1624  6.59                                    -0.4 5  101 110 
 TOL  SZ I        1624 11.21      4219.4  0.6                           101 110 
 HEL  SZ EP       1623 56.81                                    -0.3 9  164  26 
 HEL  SZ ES   2   1624 17.47                                    -0.5 5  164  26 
 HEL  SZ I        1624 18.76       693.6  0.7                           164  26 
 PRA  SZ IP     C 1623 59.78                                    -0.3 9  196 133 
 PRA  SZ I        1624  0.05       467.8  0.4                           196 133 
 PRA  SZ ES   2   1624 22.39                                    -0.9 4  196 133 
 ROSC BZ IP     C 1624  3.12                                     1.3 8  207  91 
 ROSC BZ I        1624  3.89       320.1  0.7                           207  91 
 ROSC BE ES   2   1624 26.12                                    -0.2 4  207  91 
 POP  SZ EP   1   1624 10.50                                     1.3 6  274 188 
 POP  SZ I        1624 42.69       531.6  0.2                           274 188 
 CHI  SZ EP       1624 10.42                                     0.8 8  275  96 
 CHI  SZ I        1624 11.09       616.2  0.5                           275  96 
 RUS  SZ EP       1624 19.79                                    -0.3 6  364  72 
 FLO  SZ EP       1624 19.99                                    -1.5 6  379 170 
 GUA  SZ EP       1624 31.67                                    -1.2 5  474 123 
 CUM  SZ EP       1624 34.34                                     0.0 5  483 202 
 OCA  SZ EP   1   1624 34.67                                     0.0 3  488  41 
 OCA  SZ ES   2   1625 23.53                                    -1.2 2  488  41 
 OCA  SZ I        1625 33.77       122.3  0.4                           488  41 
                                                                                
                                                                                
--------------------------------------------------------------------------------
