SEISAN Log file. This file contain a log of the event listed below.
This log file was created on: 2016-08-08 09:57:50
The operator was: rest
The s-file content at creation:
 2009 1019 1544 15.9 L   4.616 -76.172117.3  RSN 11 0.4 3.4LRSN                1
 GAP=116        0.85       3.2     4.5  8.4 -0.2679E+01  0.1959E+02  0.3636E+01E
 Epicentro: VERSALLES - VALLE                                                  3
 ACTION:SPL 16-07-19 20:20 OP:lp   STATUS:               ID:20091019154415 L   I
 2009-10-19-1542-20S.COL___084                                                 6
 STAT SP IPHASW D HRMM SECON CODA AMPLIT PERI AZIMU VELO AIN AR TRES W  DIS CAZ7
 ANIL BZ IP       1544 35.42                             141    -0.210   86  99 
 ANIL BN ES   1   1544 51.58                             141     0.6 7   86  99 
 ANIL BZ I        1544 53.19      1438.7 0.42                            86  99 
 RREF BN ES       1544 52.71                             138    -0.510   97  71 
 RREF BZ I        1544 54.85       585.1 0.26                            97  71 
 GUY  HZ EP       1544 38.08                             133     0.110  112  53 
 GUY  HN ES   2   1544 55.77                             133     0.6 5  112  53 
 MAL  SZ EP       1544 40.45                             125     0.0 9  145 243 
 MAL  SZ I        1544 41.77       223.4 0.37                           145 243 
 MAL  SZ ES   2   1545  0.18                             125     0.6 5  145 243 
 PRA  HZ IP       1544 44.12                             119     0.6 9  174 125 
 PRA  HZ I        1544 44.54       354.4 0.19                           174 125 
 PRA  HN ES   1   1545  4.89                             119    -0.1 7  174 125 
 VR2N SN ES   2   1545  7.02                             118    -0.9 4  182 175 
 VR2Z SZ EP       1544 44.95                             118    -0.2 9  182 175 
 HEL  BZ EP       1544 45.45                             117     0.0 9  188  22 
 HEL  BE ES   1   1545  8.20                             117    -0.2 7  188  22 
 BET  SZ EP   1   1544 49.82                             112     0.3 6  229 159 
 BET  SZ ES   2   1545 15.53                             112    -0.2 4  229 159 
 PCON BZ IP       1544 53.12                             110     0.0 8  254 186 
 PCON BN ES   2   1545 21.38                             110    -0.7 4  254 186 
 PCON BZ I        1545 25.67        70.2 0.80                           254 186 
 DBB  SZ EP   2   1544 53.58                             108    -0.2 4  266 359 
                                                                                
                                                                                
--------------------------------------------------------------------------------
