SEISAN Log file. This file contain a log of the event listed below.
This log file was created on: 2016-08-08 09:57:17
The operator was: rest
The s-file content at creation:
 1999 1021 0401 59.9 L   4.700 -76.211 95.0  RSN 11 0.7 3.5LRSN                1
 GAP=120        1.29       5.0     5.9 13.4 -0.4233E+01  0.2984E+02 -0.4093E+01E
 ACTION:SPL 16-07-19 20:20 OP:lp   STATUS:               ID:19991021040200 L   I
 1999-10-21-0401-17S.COL___011                                                 6
 STAT SP IPHASW D HRMM SECON CODA AMPLIT PERI AZIMU VELO AIN AR TRES W  DIS CAZ7
 TOL  SZ IP   0 D  4 2 18.79                                     0.210   97  97 
 TOL  SZ I         4 2 19.22      2287.4  0.1                            97  97 
 TOL  SZ ES   0    4 2 33.07                                    -0.110   97  97 
 SOL  SZ EP   1    4 2 32.72                                     0.1 6  231 323 
 SOL  SZ ES   1    4 2 57.75                                    -0.5 6  231 323 
 SOL  SZ I         4 3  2.58        56.6  1.3                           231 323 
 BET  SZ EP   1    4 2 33.96                                     0.2 6  239 159 
 BET  SZ ES   1    4 2 59.27                                    -0.9 6  239 159 
 BET  SZ I         4 3  5.29       284.4  0.4                           239 159 
 MUN  SZ EP   1    4 2 37.14                                     0.5 6  260 199 
 MUN  SZ ES   1    4 3  6.23                                     0.8 6  260 199 
 MUN  SZ I         4 3 12.36       184.4  0.3                           260 199 
 CHI  SZ IP   0 D  4 2 39.42                                     0.9 7  275  91 
 CRU  SZ EP   1    4 2 48.89                                    -0.2 5  363 193 
 CRU  SZ ES   1    4 3 25.68                                    -1.7 5  363 193 
 CRU  SZ I         4 3 37.26        38.3  0.7                           363 193 
 RUS  SZ IP   0 D  4 2 50.95                                     0.6 6  373  69 
 RUS  SZ ES   0    4 3 28.67                                    -1.0 6  373  69 
 BAR  SZ IP   0 D  4 2 53.10                                    -0.1 6  399  57 
 CUM  SZ EP   1    4 3  1.39                                     0.3 4  462 203 
 CUM  SZ I         4 4  0.03        23.4  0.4                           462 203 
 GUA  SZ EP   1    4 3  0.44                                    -0.4 4  464 121 
 GUA  SZ I         4 3  0.90       245.0  0.3                           464 121 
 OCA  SZ EP   1    4 3  4.98                                    -1.1 3  505  39 
 OCA  SZ I         4 3 57.02       103.9  1.1                           505  39 
                                                                                
                                                                                
--------------------------------------------------------------------------------
