SEISAN Log file. This file contain a log of the event listed below.
This log file was created on: 2016-08-08 09:57:19
The operator was: rest
The s-file content at creation:
 2001  421 2332 34.6 L   4.606 -76.220 91.5  RSN  7 0.6 3.4LRSN                1
 GAP=200        1.45       6.7     8.8 16.5  0.2210E+02  0.5036E+02 -0.1314E+02E
 ACTION:SPL 16-07-19 20:20 OP:lp   STATUS:               ID:20010421233234 L   I
 2001-04-21-2330-16S.COL___008                                                 6
 STAT SP IPHASW D HRMM SECON CODA AMPLIT PERI AZIMU VELO AIN AR TRES W  DIS CAZ7
 TOL  SZ IP     D 2332 52.67                                    -0.410   98  91 
 TOL  SZ I        2332 53.12      1300.8  0.2                            98  91 
 TOL  SZ ES       2333  7.46                                     0.010   98  91 
 PRA  SZ IP     D 2333  0.72                                    -0.5 9  178 124 
 PRA  SZ I        2333  1.23       487.9  0.2                           178 124 
 PRA  SZ ES       2333 21.78                                    -0.2 9  178 124 
 HEL  SZ EP       2333  3.79                                     0.2 9  195  22 
 HEL  SZ ES       2333 26.49                                     0.3 9  195  22 
 HEL  SZ I      C 2333 28.24       141.1  0.8                           195  22 
 SOL  SZ EP       2333  8.15                                    -0.1 8  238 325 
 SOL  SZ I        2333 38.30        86.7  0.5                           238 325 
 CHI  SZ EP       2333 14.59                                     1.3 7  276  89 
 CHI  SZ I      D 2333 15.48       100.2  1.1                           276  89 
 CHI  SZ ES       2333 43.93                                     0.5 7  276  89 
 BAR  SZ EP       2333 28.92                                     0.2 6  406  56 
 BAR  SZ ES       2334  9.59                                    -1.3 6  406  56 
 BAR  SZ I      D 2334 13.24        89.0  1.2                           406  56 
 OCA  SZ EP       2333 42.31                                     0.4 4  514  38 
 OCA  SZ ES       2334 33.10                                    -1.2 4  514  38 
 OCA  SZ I      C 2334 37.77        78.1  0.6                           514  38 
                                                                                
                                                                                
--------------------------------------------------------------------------------
