SEISAN Log file. This file contain a log of the event listed below.
This log file was created on: 2016-08-08 09:57:33
The operator was: rest
The s-file content at creation:
 2005 1222 1117 54.1 L   4.698 -76.164 96.6  RSN 11 1.0 3.9LRSN                1
 GAP=142        2.19      10.8    11.2 25.6 -0.3179E+02  0.1061E+03 -0.2861E+01E
 Epicentro: ARGELIA - VALLE                                                    3
 ACTION:SPL 16-07-19 20:20 OP:lp   STATUS:               ID:20051222111754 L   I
 2005-12-22-1117-00S.COL___018                                                 6
 STAT SP IPHASW D HRMM SECON CODA AMPLIT PERI AZIMU VELO AIN AR TRES W  DIS CAZ7
 TOL  SZ IP     D 1118 12.07                                    -0.310   92  97 
 TOL  SZ I        1118 12.47      4376.1  0.3                            92  97 
 TOL  SZ ES   1   1118 25.92                                    -0.8 7   92  97 
 MAL  SZ IP     C 1118 18.93                                     1.1 9  150 240 
 MAL  SZ I        1118 46.18      1142.0  0.9                           150 240 
 PRA  SZ IP     D 1118 20.94                                    -0.1 9  179 128 
 PRA  SZ I        1118 21.49       631.8  0.5                           179 128 
 PRA  SZ ES   2   1118 41.24                                    -0.8 4  179 128 
 HEL  SZ EP       1118 21.15                                    -0.8 9  183  22 
 HEL  SZ ES   2   1118 42.53                                    -1.1 4  183  22 
 HEL  SZ I        1118 44.45       969.7  0.7                           183  22 
 ROSC BZ IP     D 1118 25.42                                     1.0 9  204  85 
 ROSC BE ES   1   1118 50.35                                     2.3 6  204  85 
 ROSC BZ I        1118 52.17       385.1  0.6                           204  85 
 POP  SZ EP   1   1118 30.53                                     0.7 6  252 189 
 FLO  SZ IP       1118 41.02                                    -1.1 6  357 170 
 FLO  SZ ES   2   1119 17.27                                    -2.3 3  357 170 
 FLO  SZ I        1119 20.39       276.6  0.3                           357 170 
 RUS  SZ EP       1118 43.87                                    -0.1 6  368  68 
 BAR  SZ EP       1118 46.64                                    -0.3 6  395  57 
 BAR  SZ I        1118 47.89       127.9  0.6                           395  57 
 GUA  SZ EP       1118 53.79                                    -0.7 5  459 121 
 GUA  SZ I        1118 54.22       944.7  0.4                           459 121 
 CUM  SZ EP       1118 55.21                                    -0.4 5  464 204 
 CUM  SZ I        1119 51.83       129.7  0.5                           464 204 
                                                                                
                                                                                
--------------------------------------------------------------------------------
