SEISAN Log file. This file contain a log of the event listed below.
This log file was created on: 2016-08-08 09:57:22
The operator was: rest
The s-file content at creation:
 2004  822 2335 52.8 L   4.650 -76.254 82.0  RSN 15 0.9 4.2LRSN                1
 GAP=103        1.49       5.7     6.8 22.8  0.1179E+02  0.4525E+02  0.1896E+02E
 ACTION:SPL 16-07-19 20:20 OP:lp   STATUS:               ID:20040822233552 L   I
 2004-08-22-2333-38S.COL___017                                                 6
 STAT SP IPHASW D HRMM SECON CODA AMPLIT PERI AZIMU VELO AIN AR TRES W  DIS CAZ7
 TOL  SZ IP     D 2336 11.02                                     0.210  102  94 
 TOL  SZ ES   2   2336 24.44                                    -0.5 5  102  94 
 TOL  SZ I        2336 30.35     14643.1  0.7                           102  94 
 PRA  SZ IP     D 2336 19.96                                     0.4 9  184 125 
 PRA  SZ ES   1   2336 40.13                                    -0.4 7  184 125 
 PRA  SZ I        2336 43.53      3426.5  0.5                           184 125 
 HEL  SZ EP       2336 20.75                                    -0.2 9  192  24 
 HEL  SZ ES   1   2336 42.66                                    -0.3 7  192  24 
 HEL  SZ I        2336 45.16      1851.7  0.7                           192  24 
 ROSC BZ IP     C 2336 24.32                                     0.6 8  215  84 
 ROSC BZ I        2336 25.02      1001.9  0.5                           215  84 
 ROSC BE ES   2   2336 47.93                                     0.1 4  215  84 
 SOL  SZ EP       2336 25.27                                     0.0 8  232 325 
 SOL  SZ ES   1   2336 50.64                                    -0.1 6  232 325 
 SOL  SZ I        2336 56.33       373.2  0.5                           232 325 
 POP  SZ EP   1   2336 27.43                                     0.2 6  246 187 
 POP  SZ ES   3   2336 55.88                                     1.7 2  246 187 
 POP  SZ I        2337  4.43       999.5  0.5                           246 187 
 CHI  SZ IP     C 2336 32.77                                     1.2 7  280  90 
 CHI  SZ I        2336 33.38       847.0  0.5                           280  90 
 FLO  SZ EP       2336 40.52                                     0.5 6  354 169 
 FLO  SZ I        2337 19.98       457.5  0.8                           354 169 
 RUS  SZ EP       2336 43.38                                    -0.4 6  380  68 
 RUS  SZ I        2337 57.69       240.4  1.1                           380  68 
 BAR  SZ EP       2336 46.68                                     0.0 6  406  57 
 BAR  SZ ES   1   2337 28.18                                    -0.6 4  406  57 
 BAR  SZ I        2337 29.79       475.4  1.1                           406  57 
 TUM  SZ EP   2   2336 48.06                                     0.5 3  415 222 
 TUM  SZ I        2337 46.06       502.8  0.8                           415 222 
 CUM  SZ EP   1   2336 49.25                                    -3.7 4  455 203 
 CUM  SZ I        2338  1.17       199.7  1.5                           455 203 
 GUA  SZ EP       2336 53.70                                     0.0 5  465 120 
 GUA  SZ I        2336 54.13       829.1  0.3                           465 120 
 GUA  SZ ES       2337 39.35                                    -1.9 5  465 120 
 OCA  SZ EP       2336 59.81                                     0.1 4  513  39 
 OCA  SZ ES   2   2337 51.18                                    -0.7 2  513  39 
 OCA  SZ I        2337 54.02       958.6  0.7                           513  39 
 KEN  SZ EP   2   2337 30.68                                     1.0 0  755  19 
                                                                                
                                                                                
--------------------------------------------------------------------------------
