SEISAN Log file. This file contain a log of the event listed below.
This log file was created on: 2016-08-08 09:57:18
The operator was: rest
The s-file content at creation:
 2000  523 2013 14.2 L   4.933 -76.111116.7  RSN  7 0.8 3.3LRSN                1
 GAP=150        1.16       8.6     8.8 20.5 -0.3218E+02  0.2277E+02 -0.1062E+02E
 ACTION:SPL 16-07-19 20:20 OP:lp   STATUS:               ID:20000523201314 L   I
 2000-05-23-2012-38S.COL___009                                                 6
 2000  523 2013 13.3 L   4.931 -76.163120.0F COL  7 0.9 3.5LCOL                1
 STAT SP IPHASW D HRMM SECON CODA AMPLIT PERI AZIMU VELO AIN AR TRES W  DIS CAZ7
 TOL  SZ IP   0 D 2013 34.15                                    -0.310   94 114 
 TOL  SZ ES   3   2013 50.13                                    -0.1 2   94 114 
 TOL  SZ I        2013 52.04       652.2  0.3                            94 114 
 HEL  SZ EP       2013 40.12                                    -0.3 9  157  23 
 HEL  SZ ES   3   2013 59.64                                    -1.1 2  157  23 
 HEL  SZ I        2014  1.16       218.8  0.5                           157  23 
 MAL  SZ EP       2013 41.83                                     0.6 9  170 233 
 CHI  SZ EP       2013 53.32                                     0.8 8  266  97 
 CHI  SZ I        2013 54.24        79.3  0.9                           266  97 
 CHI  SZ ES   3   2014 22.61                                     0.3 2  266  97 
 BAR  SZ EP   1   2014  5.42                                     0.2 5  376  60 
 CRU  SZ EP       2014  6.33                                    -0.8 6  391 194 
 CRU  SZ ES   3   2014 44.72                                    -3.8 1  391 194 
 CRU  SZ I        2014 48.07        54.8  0.5                           391 194 
 OCA  SZ EP       2014 17.01                                    -0.4 5  478  40 
                                                                                
                                                                                
--------------------------------------------------------------------------------
