SEISAN Log file. This file contain a log of the event listed below.
This log file was created on: 2016-08-28 11:33:06
The operator was: rest
The s-file content at creation:
 2013  226 0037 34.2 L   4.657 -76.298112.0  RSN 20 0.6 2.7LRSN 3.3WRSN        1
 SPEC AVERAGE  MO 14.1 ST  2.1 OM  1.9 f0 3.17 R0.8980 AL 2.16 WI 23.5 MW  3.3 3
 SPEC SD       MO  0.2 ST  4.6 OM  0.6 f00.776 R0.2961 AL      WI      MW  0.2 3
 GAP= 86        1.24       2.9     4.8  7.2 -0.5307E+01  0.1262E+02 -0.2232E+01E
 Epicentro: EL CAIRO - VALLE                                                   3
 SPEC SOTAHH Z MO 14.0 ST0.609 OM  1.4 f0 3.02 R0.9311 AL 1.71 WI 25.5 MW  3.3 3
 SPEC SOTAHH Z T 03814 K 0.000 GD  302 VP 7.60 DE 3.20 Q0300.0 QA 0.60 VS 4.20 3
 SPEC PCONHH Z MO 14.3 ST0.844 OM  1.7 f0 2.74 R1.0263 AL 1.86 WI 27.2 MW  3.5 3
 SPEC PCONHH Z T 03812 K 0.000 GD  281 VP 7.60 DE 3.20 Q0300.0 QA 0.60 VS 4.20 3
 SPEC POP2HH Z MO 13.9 ST0.169 OM  1.3 f0 2.23 R1.2610 AL 1.43 WI 23.2 MW  3.2 3
 SPEC POP2HH Z T 038 8 K 0.000 GD  263 VP 7.60 DE 3.20 Q0300.0 QA 0.60 VS 4.20 3
 SPEC HEL HH Z MO 13.6 ST0.928 OM  1.1 f0 4.86 R0.5786 AL 2.28 WI 18.7 MW  3.0 3
 SPEC HEL HH Z T 038 3 K 0.000 GD  220 VP 7.60 DE 3.20 Q0300.0 QA 0.60 VS 4.20 3
 SPEC MAL SH N MO 14.2 ST 12.7 OM  2.6 f0 3.97 R0.3914 AL 3.73 WI 38.4 MW  3.4 3
 SPEC MAL SH N T 03817 K 0.000 GD  175 VS 4.20 DE 3.20 Q0300.0 QA 0.60 VS 4.20 3
 SPEC NIMAEN Z MO 14.2 ST 19.6 OM  1.8 f0 4.51 R0.3259 AL 1.74 WI 12.0 MW  3.4 3
 SPEC NIMAEN Z T 03756 K 0.000 GD  166 VP 7.60 DE 3.20 Q0300.0 QA 0.60 VS 4.20 3
 SPEC FLO2HH Z MO 14.0 ST0.803 OM  1.3 f0 3.36 R0.8369 AL 2.33 WI 10.9 MW  3.3 3
 SPEC FLO2HH Z T 03821 K 0.000 GD  364 VP 7.60 DE 3.20 Q0300.0 QA 0.60 VS 4.20 3
 SPEC DBB SH Z MO 14.1 ST0.526 OM  1.5 f0 2.72 R1.0338 AL 2.24 WI 28.5 MW  3.4 3
 SPEC DBB SH Z T 03812 K 0.000 GD  284 VP 7.60 DE 3.20 Q0300.0 QA 0.60 VS 4.20 3
 SPEC ANILHH Z MO 14.2 ST0.545 OM  1.9 f0 2.50 R1.1248 AL 1.71 WI 15.7 MW  3.4 3
 SPEC ANILHH Z T 03754 K 0.000 GD  150 VP 7.60 DE 3.20 Q0300.0 QA 0.60 VS 4.20 3
 ACTION:SPL 16-07-19 20:20 OP:lp   STATUS:               ID:20130226003734 L   I
 2013-02-26-0028-46M.COL___191                                                 6
 STAT SP IPHASW D HRMM SECON CODA AMPLIT PERI AZIMU VELO AIN AR TRES W  DIS CAZ7
 PAL  HZ EP        037 49.61                             165   -0.1010 27.5   4 
 YOT  HZ EP   1    037 51.94                             144   -0.34 7 74.6 184 
 YOT  HE ES        038  7.04                             144    0.6910 74.6 184 
 ANIL HZ IP     D  037 54.34                             135   -0.2810  101 100 
 ANIL HE ES        038  9.75                             135   -0.7710  101 100 
 ANIL HN I         038 13.75       301.1 0.22            154            101 100 
 RREF HZ EP        037 56.27                             133    0.5010  109  76 
 RREF HN ES        038 13.13                             133    0.5610  109  76 
 RREF HZ I         038 14.61       115.0 0.44            147            109  76 
 MAL  SZ IP   1    037 58.42                             126    1.01 7  135 238 
 HEL  HZ EP        038  3.62                             116   -0.01 9  190  27 
 HEL  HN ES        038 26.04                             116   -0.51 9  190  27 
 HEL  HE I         038 30.79        40.7 0.46            118            190  27 
 MARA HZ EP        038  5.48                             114    0.37 9  204 169 
 MARA HZ I         038  7.37       171.8 0.14            119            204 169 
 MARA HN ES        038 28.48                             114   -0.70 9  204 169 
 SOL  SZ EP        038  5.64                             113   -0.05 8  213 325 
 POP2 HZ EP        038  8.68                             110   -0.16 8  238 190 
 BET  SZ EP        038  9.01                             110    0.34 8  238 156 
 BET  SZ I         038  9.36        22.4 0.15            115            238 156 
 BET  SZ ES        038 35.40                             110   -0.12 8  238 156 
 PCON HZ EP        038 12.30                             108    0.73 8  258 182 
 PCON HE ES        038 40.34                             108   -0.34 8  258 182 
 PCON HZ I         038 45.69        51.8 0.50            111            258 182 
 DBB  SZ EP   1    038 12.17                             108    0.81 6  261   2 
 DBB  SZ I         038 46.58        41.7 0.36            108            261   2 
 GOR  SZ EP        038 11.73                             107   -1.31 7  277 229 
 GOR  SZ I         038 13.34        12.7 0.10            106            277 229 
 SOTA HZ EP        038 14.25                             106    0.07 7  281 187 
 SOTA HE ES        038 44.84                             106   -0.49 7  281 187 
 CHI  HZ I         038 17.95        11.4 0.50            112            285  90 
 CHI  HE ES   1    038 46.74                             106    0.81 6  285  90 
 PTB  HZ EP        038 14.89                             106    0.08 7  292  44 
 PTB  HZ I         038 15.13        19.3 0.18            109            292  44 
 PTB  HZ ES        038 45.62                             106   -0.84 7  292  44 
 VIL  SZ EP   2    038 17.37                             105    1.97 4  295 102 
 FLO2 HZ EP        038 21.48                             102    0.03 6  347 168 
 FLO2 HZ I         038 21.71        26.6 0.24            105            347 168 
 FLO2 HN ES   4    038 56.47                             102   -1.80 0  347 168 
 CRU  SZ EP        038 22.27                             102    0.20 6  349 192 
 CRU  SZ I         039  3.99        18.1 0.38            104            349 192 
 ZAR  HZ EP   1    038 21.92                             102   -0.03 5  352  27 
                                                                                
                                                                                
--------------------------------------------------------------------------------
