SEISAN Log file. This file contain a log of the event listed below.
This log file was created on: 2016-08-02 12:58:33
The operator was: rest
The s-file content at creation:
 1997  929 1237 47.6 L   4.698 -76.175101.3  RSN 10 0.7 3.4LRSN                1
 GAP= 83        1.77       7.0     9.4 21.5  0.4100E+00  0.8834E+02  0.2758E+01E
 ACTION:SPL 16-07-19 20:20 OP:lp   STATUS:               ID:19970929123747 L   I
 1997-09-29-1237-05S.COL___013                                                 6
 STAT SP IPHASW D HRMM SECON CODA AMPLIT PERI AZIMU VELO AIN AR TRES W  DIS CAZ7
 TOL  SZ IP     D 1238  6.32                                    -0.210   93  97 
 TOL  SZ ES   1   1238 21.22                                     0.0 7   93  97 
 TOL  SZ I      D 1238 25.67      1869.0  0.7                            93  97 
 MAL  SZ EP       1238 12.46                                     0.9 9  149 240 
 MAL  SZ I        1238 45.54       424.3  0.5                           149 240 
 PRA  SZ IP     D 1238 14.89                                     0.0 9  180 128 
 PRA  SZ ES   1   1238 36.00                                    -0.2 7  180 128 
 PRA  SZ I      D 1238 46.24       429.0  0.4                           180 128 
 HEL  SZ EP   0   1238 15.51                                    -0.3 9  184  22 
 HEL  SZ ES   1   1238 37.69                                     0.0 7  184  22 
 HEL  SZ I      D 1238 39.46       228.1  1.3                           184  22 
 SOL  SZ EP   1   1238 19.70                                    -1.3 6  233 323 
 SOL  SZ I      D 1238 56.24        70.6  0.8                           233 323 
 BET  SZ EP   1   1238 20.99                                    -0.6 6  237 160 
 BET  SZ ES   1   1238 46.93                                    -1.1 6  237 160 
 BET  SZ I      D 1238 50.12       124.5  0.2                           237 160 
 MUN  SZ EP   1   1238 25.85                                     1.1 6  261 199 
 MUN  SZ I      D 1238 26.57       106.4  1.0                           261 199 
 CHI  SZ IP     D 1238 27.20                                     1.2 8  271  91 
 CHI  SZ I      D 1238 27.82       315.5  0.3                           271  91 
 CRU  SZ EP   1   1238 35.74                                    -1.3 5  364 194 
 CRU  SZ I      D 1239 18.47        66.1  0.8                           364 194 
 BAR  SZ EP       1238 40.81                                     0.1 6  396  57 
 BAR  SZ I      D 1239 25.39       103.7  0.8                           396  57 
                                                                                
                                                                                
--------------------------------------------------------------------------------
