SEISAN Log file. This file contain a log of the event listed below.
This log file was created on: 2016-08-11 12:05:29
The operator was: rest
The s-file content at creation:
 2011 1031 0615 29.2 L   4.784 -76.146116.4  RSN 15 0.3 3.5LRSN                1
 GAP=111        0.82       3.3     3.9  5.4 -0.2799E+01  0.3809E+01  0.4796E+00E
 Epicentro: ARGELIA - VALLE                                                    3
 ACTION:SPL 16-07-19 20:20 OP:lp   STATUS:               ID:20111031061529 L   I
 2011-10-31-0613-21S.COL___157                                                 6
 STAT SP IPHASW D HRMM SECON CODA AMPLIT PERI AZIMU VELO AIN AR TRES W  DIS CAZ7
 PAL  HZ EP   1    615 44.91                             169     0.0 7   20 311 
 PAL  HN ES   1    615 57.89                             169     0.6 7   20 311 
 ANIL HZ IP     D  615 48.70                             140    -0.210   89 111 
 ANIL HN ES   1    616  4.02                             140    -0.3 7   89 111 
 ANIL HZ I         616  5.23      1252.7 0.31                            89 111 
 RREF HZ IP     D  615 49.64                             140     0.210   90  82 
 RREF HZ I         615 50.58       429.0 0.27                            90  82 
 RREF HE ES   1    616  4.87                             140    -0.4 7   90  82 
 TOL  SZ IP        615 49.60                             138     0.210   94 103 
 GUY  SZ EP   1    615 50.08                             138     0.3 7   97  60 
 GUY  SE ES   1    616  6.06                             138     0.1 7   97  60 
 GUY  SZ I         616  8.97       867.9 0.47                            97  60 
 HORQ SZ EP   1    615 54.98                             123     0.1 7  153 200 
 HORQ SE ES   1    616 14.01                             123    -0.9 7  153 200 
 HORQ SZ I         616 18.45       249.2 0.51                           153 200 
 NOR  SZ EP   1    615 55.90                             121     0.1 7  166  59 
 NOR  SE ES   1    616 16.23                             121    -0.4 7  166  59 
 HEL  HZ IP     D  615 56.32                             120    -0.3 9  170  24 
 HEL  HZ I         616 20.26       113.0 0.56                           170  24 
 PRA  HZ IP     D  615 57.95                             118     0.3 9  183 130 
 PRA  HN ES   1    616 20.23                             118     0.4 7  183 130 
 PRA  HZ I         616 21.64       767.8 0.38                           183 130 
 SOL  SZ EP   1    616  0.83                             114     0.1 6  212 319 
 SOL  SZ I         616  1.23       754.4 0.14                           212 319 
 MARA HZ EP   1    616  1.97                             114     0.4 6  216 174 
 BET  SZ EP   2    616  4.86                             110     0.3 4  245 161 
 POP2 HZ EP   1    616  5.57                             110    -0.4 6  255 193 
 POP2 HZ I         616 34.25       284.8 0.23                           255 193 
 ZAR  HZ EP   1    616 14.35                             104    -0.2 5  332  25 
 ZAR  HZ I         616 50.78        96.1 0.41                           332  25 
 OCA  SZ EP   1    616 34.08                              97    -0.1 3  494  39 
 OCA  SZ I         617 28.09        61.7 0.71                           494  39 
                                                                                
                                                                                
--------------------------------------------------------------------------------
