SEISAN Log file. This file contain a log of the event listed below.
This log file was created on: 2016-08-08 09:57:51
The operator was: rest
The s-file content at creation:
 2009 1031 0106 54.5 L   4.722 -76.140 92.1  RSN 11 0.5 3.9LRSN                1
 GAP= 80        1.23       3.8     6.8 13.7  0.4828E+01  0.6834E+02  0.1422E+02E
 Epicentro: ARGELIA - VALLE                                                    3
 ACTION:SPL 16-07-19 20:20 OP:lp   STATUS:               ID:20091031010654 L   I
 2009-10-31-0105-18S.COL___093                                                 6
 STAT SP IPHASW D HRMM SECON CODA AMPLIT PERI AZIMU VELO AIN AR TRES W  DIS CAZ7
 ANIL BZ IP     D  1 7 11.36                             134    -0.510   86 107 
 ANIL BE ES   1    1 7 25.32                             134     0.0 7   86 107 
 RREF BZ IP     D  1 7 12.85                             133     0.210   90  77 
 RREF BE ES        1 7 27.41                             133     0.510   90  77 
 RREF BZ I         1 7 28.81      3050.5 0.37                            90  77 
 GUY  HZ EP        1 7 13.82                             129     0.210  102  57 
 GUY  HN ES        1 7 27.72                             129    -0.810  102  57 
 MAL  SZ IP     C  1 7 18.94                             116     0.6 9  154 239 
 MAL  SZ I         1 7 45.46      1632.5 0.37                           154 239 
 HEL  BZ IP     D  1 7 21.10                             113    -0.2 9  176  23 
 HEL  BN ES   1    1 7 42.37                             113     0.1 7  176  23 
 HEL  BZ I         1 7 44.98       475.2 0.64                           176  23 
 PRA  HZ IP     D  1 7 21.39                             113     0.2 9  178 129 
 PRA  HE ES        1 7 42.69                             113     0.7 9  178 129 
 PRA  HZ I         1 7 46.38      1737.2 0.44                           178 129 
 MARA BZ IP     D  1 7 24.80                             109    -0.2 8  209 174 
 MARA BN ES   1    1 7 47.59                             109    -1.2 6  209 174 
 SOL  SZ EP   1    1 7 25.37                             108    -0.3 6  218 320 
 SOL  SZ ES   2    1 7 50.64                             108     0.6 4  218 320 
 SOL  SZ I         1 7 54.99       472.4 0.35                           218 320 
 BET  SZ EP        1 7 28.17                             106     0.0 8  239 161 
 BET  SZ I         1 7 29.40       769.4 0.44                           239 161 
 DBB  SZ EP        1 7 30.15                             105     0.1 8  254 358 
 CUM  SZ EP   1    1 7 55.10                              98    -0.2 4  458 204 
 CUM  SZ I         1 8 27.63       157.8 1.11                           458 204 
                                                                                
                                                                                
--------------------------------------------------------------------------------
