SEISAN Log file. This file contain a log of the event listed below.
This log file was created on: 2016-08-08 09:57:39
The operator was: rest
The s-file content at creation:
 2007  131 1641  3.1 L   4.678 -76.283155.8  RSN 10 0.7 3.5LRSN                1
 GAP= 86        1.52       9.8     8.5 24.1 -0.2436E+02 -0.4104E+02  0.1954E+02E
 Epicentro: EL CAIRO - VALLE                                                   3
 ACTION:SPL 16-07-19 20:20 OP:lp   STATUS:               ID:20070131164102 L   I
 2007-01-31-1640-00S.COL___018                                                 6
 STAT SP IPHASW D HRMM SECON CODA AMPLIT PERI AZIMU VELO AIN AR TRES W  DIS CAZ7
 MAL  SZ IP     C 1641 29.99                                     0.010  138 238 
 MAL  SZ ES   2   1641 51.90                                     0.9 5  138 238 
 MAL  SZ I        1641 56.97       836.5  0.3                           138 238 
 PRA  SZ IP     D 1641 34.03                                    -0.6 9  188 125 
 PRA  SZ I        1641 57.64       861.3  0.7                           188 125 
 HEL  SZ EP       1641 34.48                                    -0.9 9  190  25 
 HEL  SZ ES   2   1641 59.92                                    -0.6 5  190  25 
 HEL  SZ I        1642  0.69       119.3  0.7                           190  25 
 SOL  SZ EP   1   1641 37.09                                     0.1 7  212 324 
 SOL  SZ I        1642  3.70       106.8  0.4                           212 324 
 ROSC BZ IP     C 1641 39.13                                     1.0 9  218  85 
 ROSC BZ I        1641 39.70        98.7  0.7                           218  85 
 ROSC BE ES   1   1642  5.58                                     0.2 7  218  85 
 CRU  SZ EP   1   1641 53.22                                     0.5 5  352 192 
 CRU  SZ I        1642 35.22       130.0  0.7                           352 192 
 FLO  SZ EP   1   1641 51.79                                    -1.2 5  357 168 
 FLO  SZ I        1642 30.16        99.0  1.0                           357 168 
 RUS  SZ EP       1641 57.20                                     0.9 6  381  69 
 BAR  SZ EP   2   1641 59.43                                     0.5 3  407  58 
 OCA  SZ EP   2   1642 12.31                                     1.1 2  512  40 
 OCA  SZ I        1643  8.77        73.0  0.6                           512  40 
                                                                                
                                                                                
--------------------------------------------------------------------------------
